2025-10-16 13:00:17,995 [ERROR] test_logging (test_logging.py:33): This is an ERROR message
None
2025-10-16 13:00:17,995 [CRITICAL] test_logging (test_logging.py:34): This is a CRITICAL message
None
2025-10-16 13:00:17,995 [ERROR] test_logging (logging.py:346): Caught test exception
(<class 'ValueError'>, ValueError('This is a test exception'), <traceback object at 0x00000119062ADA00>)
Traceback (most recent call last):
  File "C:\Coding\Projects\moffitt-agentic-rag\test_logging.py", line 38, in main
    raise ValueError("This is a test exception")
ValueError: This is a test exception
2025-10-16 13:00:19,014 [ERROR] moffitt_rag.errors (logging.py:246): Error executing query 'Who is Jane Doe?': Test failure
(<class 'RuntimeError'>, RuntimeError('Test failure'), <traceback object at 0x00000119062ADA00>)
Traceback (most recent call last):
  File "C:\Coding\Projects\moffitt-agentic-rag\test_logging.py", line 60, in main
    raise RuntimeError("Test failure")
RuntimeError: Test failure
